<?xml version="1.0" encoding="UTF-8"?>
<!-- Generated by org.testng.reporters.JUnitReportReporter -->
<testsuite hostname="LIN80024358" failures="0" tests="1" name="RestAssuredDemo.RestAssured" time="2.477" errors="0" timestamp="2021-08-20T18:09:30 IST" skipped="0">
  <testcase classname="RestAssuredDemo.RestAssured" name="test" time="2.477"/>
  <system-out/>
</testsuite> <!-- RestAssuredDemo.RestAssured -->
